CRITICAL - 2024-05-25 15:03:15 --> ErrorException: Undefined variable $validation
[Method: GET, Route: dashboard/kategori/create]
in APPPATH\Views\backoffice\kategori\create.php on line 86.
 1 APPPATH\Views\backoffice\kategori\create.php(86): CodeIgniter\Debug\Exceptions->errorHandler(2, 'Undefined variable $validation', 'D:\\MY PROJECT\\sistem-pesantren\\app\\Views\\backoffice\\kategori\\create.php', 86)
 2 SYSTEMPATH\View\View.php(234): include('D:\\MY PROJECT\\sistem-pesantren\\app\\Views\\backoffice\\kategori\\create.php')
 3 SYSTEMPATH\View\View.php(237): CodeIgniter\View\View->CodeIgniter\View\{closure}()
 4 SYSTEMPATH\Common.php(1171): CodeIgniter\View\View->render('backoffice/kategori/create', [], true)
 5 APPPATH\Controllers\Kategori.php(30): view('backoffice/kategori/create', [...])
 6 SYSTEMPATH\CodeIgniter.php(933): App\Controllers\Kategori->create()
 7 SYSTEMPATH\CodeIgniter.php(509): CodeIgniter\CodeIgniter->runController(Object(App\Controllers\Kategori))
 8 SYSTEMPATH\CodeIgniter.php(355): CodeIgniter\CodeIgniter->handleRequest(null, Object(Config\Cache), false)
 9 SYSTEMPATH\Boot.php(312): CodeIgniter\CodeIgniter->run()
10 SYSTEMPATH\Boot.php(67): CodeIgniter\Boot::runCodeIgniter(Object(CodeIgniter\CodeIgniter))
11 FCPATH\index.php(56): CodeIgniter\Boot::bootWeb(Object(Config\Paths))
12 SYSTEMPATH\Commands\Server\rewrite.php(49): require_once('D:\\MY PROJECT\\sistem-pesantren\\public\\index.php')
CRITICAL - 2024-05-25 15:22:00 --> Error: Call to a member function getResultArray() on array
[Method: GET, Route: dashboard/kategori]
in APPPATH\Controllers\Kategori.php on line 22.
 1 SYSTEMPATH\CodeIgniter.php(933): App\Controllers\Kategori->index()
 2 SYSTEMPATH\CodeIgniter.php(509): CodeIgniter\CodeIgniter->runController(Object(App\Controllers\Kategori))
 3 SYSTEMPATH\CodeIgniter.php(355): CodeIgniter\CodeIgniter->handleRequest(null, Object(Config\Cache), false)
 4 SYSTEMPATH\Boot.php(312): CodeIgniter\CodeIgniter->run()
 5 SYSTEMPATH\Boot.php(67): CodeIgniter\Boot::runCodeIgniter(Object(CodeIgniter\CodeIgniter))
 6 FCPATH\index.php(56): CodeIgniter\Boot::bootWeb(Object(Config\Paths))
 7 SYSTEMPATH\Commands\Server\rewrite.php(49): require_once('D:\\MY PROJECT\\sistem-pesantren\\public\\index.php')
ERROR - 2024-05-25 15:22:40 --> mysqli_sql_exception: Table 'db_pesantren.ketegori_beritas' doesn't exist in D:\MY PROJECT\sistem-pesantren\system\Database\MySQLi\Connection.php:308
Stack trace:
#0 D:\MY PROJECT\sistem-pesantren\system\Database\MySQLi\Connection.php(308): mysqli->query('INSERT INTO `ke...', 0)
#1 D:\MY PROJECT\sistem-pesantren\system\Database\BaseConnection.php(722): CodeIgniter\Database\MySQLi\Connection->execute('INSERT INTO `ke...')
#2 D:\MY PROJECT\sistem-pesantren\system\Database\BaseConnection.php(636): CodeIgniter\Database\BaseConnection->simpleQuery('INSERT INTO `ke...')
#3 D:\MY PROJECT\sistem-pesantren\system\Database\BaseBuilder.php(2325): CodeIgniter\Database\BaseConnection->query('INSERT INTO `ke...', Array, false)
#4 D:\MY PROJECT\sistem-pesantren\system\Model.php(383): CodeIgniter\Database\BaseBuilder->insert()
#5 D:\MY PROJECT\sistem-pesantren\system\BaseModel.php(840): CodeIgniter\Model->doInsert(Array)
#6 D:\MY PROJECT\sistem-pesantren\system\Model.php(791): CodeIgniter\BaseModel->insert(Array, true)
#7 D:\MY PROJECT\sistem-pesantren\app\Models\KategoriModel.php(37): CodeIgniter\Model->insert(Array)
#8 D:\MY PROJECT\sistem-pesantren\app\Controllers\Kategori.php(47): App\Models\KategoriModel->store(Array)
#9 D:\MY PROJECT\sistem-pesantren\system\CodeIgniter.php(933): App\Controllers\Kategori->store()
#10 D:\MY PROJECT\sistem-pesantren\system\CodeIgniter.php(509): CodeIgniter\CodeIgniter->runController(Object(App\Controllers\Kategori))
#11 D:\MY PROJECT\sistem-pesantren\system\CodeIgniter.php(355): CodeIgniter\CodeIgniter->handleRequest(NULL, Object(Config\Cache), false)
#12 D:\MY PROJECT\sistem-pesantren\system\Boot.php(312): CodeIgniter\CodeIgniter->run()
#13 D:\MY PROJECT\sistem-pesantren\system\Boot.php(67): CodeIgniter\Boot::runCodeIgniter(Object(CodeIgniter\CodeIgniter))
#14 D:\MY PROJECT\sistem-pesantren\public\index.php(56): CodeIgniter\Boot::bootWeb(Object(Config\Paths))
#15 D:\MY PROJECT\sistem-pesantren\system\Commands\Server\rewrite.php(49): require_once('D:\\MY PROJECT\\s...')
#16 {main}
CRITICAL - 2024-05-25 16:27:21 --> TypeError: Cannot access offset of type string on string
[Method: GET, Route: dashboard/kategori/edit/1]
in APPPATH\Views\backoffice\kategori\index.php on line 77.
 1 SYSTEMPATH\View\View.php(234): include()
 2 SYSTEMPATH\View\View.php(237): CodeIgniter\View\View->CodeIgniter\View\{closure}()
 3 SYSTEMPATH\Common.php(1171): CodeIgniter\View\View->render('backoffice/kategori/index', [], true)
 4 APPPATH\Controllers\Kategori.php(59): view('backoffice/kategori/index', [...])
 5 SYSTEMPATH\CodeIgniter.php(933): App\Controllers\Kategori->edit('1')
 6 SYSTEMPATH\CodeIgniter.php(509): CodeIgniter\CodeIgniter->runController(Object(App\Controllers\Kategori))
 7 SYSTEMPATH\CodeIgniter.php(355): CodeIgniter\CodeIgniter->handleRequest(null, Object(Config\Cache), false)
 8 SYSTEMPATH\Boot.php(312): CodeIgniter\CodeIgniter->run()
 9 SYSTEMPATH\Boot.php(67): CodeIgniter\Boot::runCodeIgniter(Object(CodeIgniter\CodeIgniter))
10 FCPATH\index.php(56): CodeIgniter\Boot::bootWeb(Object(Config\Paths))
11 SYSTEMPATH\Commands\Server\rewrite.php(49): require_once('D:\\MY PROJECT\\sistem-pesantren\\public\\index.php')
CRITICAL - 2024-05-25 16:27:34 --> ErrorException: Undefined variable $title
[Method: GET, Route: dashboard/kategori/edit/1]
in APPPATH\Views\backoffice\kategori\edit.php on line 46.
 1 APPPATH\Views\backoffice\kategori\edit.php(46): CodeIgniter\Debug\Exceptions->errorHandler(2, 'Undefined variable $title', 'D:\\MY PROJECT\\sistem-pesantren\\app\\Views\\backoffice\\kategori\\edit.php', 46)
 2 SYSTEMPATH\View\View.php(234): include('D:\\MY PROJECT\\sistem-pesantren\\app\\Views\\backoffice\\kategori\\edit.php')
 3 SYSTEMPATH\View\View.php(237): CodeIgniter\View\View->CodeIgniter\View\{closure}()
 4 SYSTEMPATH\Common.php(1171): CodeIgniter\View\View->render('backoffice/kategori/edit', [], true)
 5 APPPATH\Controllers\Kategori.php(59): view('backoffice/kategori/edit', [...])
 6 SYSTEMPATH\CodeIgniter.php(933): App\Controllers\Kategori->edit('1')
 7 SYSTEMPATH\CodeIgniter.php(509): CodeIgniter\CodeIgniter->runController(Object(App\Controllers\Kategori))
 8 SYSTEMPATH\CodeIgniter.php(355): CodeIgniter\CodeIgniter->handleRequest(null, Object(Config\Cache), false)
 9 SYSTEMPATH\Boot.php(312): CodeIgniter\CodeIgniter->run()
10 SYSTEMPATH\Boot.php(67): CodeIgniter\Boot::runCodeIgniter(Object(CodeIgniter\CodeIgniter))
11 FCPATH\index.php(56): CodeIgniter\Boot::bootWeb(Object(Config\Paths))
12 SYSTEMPATH\Commands\Server\rewrite.php(49): require_once('D:\\MY PROJECT\\sistem-pesantren\\public\\index.php')
CRITICAL - 2024-05-25 16:27:54 --> ErrorException: Undefined variable $current_page
[Method: GET, Route: dashboard/kategori/edit/1]
in APPPATH\Views\backoffice\kategori\edit.php on line 65.
 1 APPPATH\Views\backoffice\kategori\edit.php(65): CodeIgniter\Debug\Exceptions->errorHandler(2, 'Undefined variable $current_page', 'D:\\MY PROJECT\\sistem-pesantren\\app\\Views\\backoffice\\kategori\\edit.php', 65)
 2 SYSTEMPATH\View\View.php(234): include('D:\\MY PROJECT\\sistem-pesantren\\app\\Views\\backoffice\\kategori\\edit.php')
 3 SYSTEMPATH\View\View.php(237): CodeIgniter\View\View->CodeIgniter\View\{closure}()
 4 SYSTEMPATH\Common.php(1171): CodeIgniter\View\View->render('backoffice/kategori/edit', [], true)
 5 APPPATH\Controllers\Kategori.php(60): view('backoffice/kategori/edit', [...])
 6 SYSTEMPATH\CodeIgniter.php(933): App\Controllers\Kategori->edit('1')
 7 SYSTEMPATH\CodeIgniter.php(509): CodeIgniter\CodeIgniter->runController(Object(App\Controllers\Kategori))
 8 SYSTEMPATH\CodeIgniter.php(355): CodeIgniter\CodeIgniter->handleRequest(null, Object(Config\Cache), false)
 9 SYSTEMPATH\Boot.php(312): CodeIgniter\CodeIgniter->run()
10 SYSTEMPATH\Boot.php(67): CodeIgniter\Boot::runCodeIgniter(Object(CodeIgniter\CodeIgniter))
11 FCPATH\index.php(56): CodeIgniter\Boot::bootWeb(Object(Config\Paths))
12 SYSTEMPATH\Commands\Server\rewrite.php(49): require_once('D:\\MY PROJECT\\sistem-pesantren\\public\\index.php')
CRITICAL - 2024-05-25 16:27:57 --> ErrorException: Undefined variable $current_page
[Method: GET, Route: dashboard/kategori/edit/1]
in APPPATH\Views\backoffice\kategori\edit.php on line 65.
 1 APPPATH\Views\backoffice\kategori\edit.php(65): CodeIgniter\Debug\Exceptions->errorHandler(2, 'Undefined variable $current_page', 'D:\\MY PROJECT\\sistem-pesantren\\app\\Views\\backoffice\\kategori\\edit.php', 65)
 2 SYSTEMPATH\View\View.php(234): include('D:\\MY PROJECT\\sistem-pesantren\\app\\Views\\backoffice\\kategori\\edit.php')
 3 SYSTEMPATH\View\View.php(237): CodeIgniter\View\View->CodeIgniter\View\{closure}()
 4 SYSTEMPATH\Common.php(1171): CodeIgniter\View\View->render('backoffice/kategori/edit', [], true)
 5 APPPATH\Controllers\Kategori.php(60): view('backoffice/kategori/edit', [...])
 6 SYSTEMPATH\CodeIgniter.php(933): App\Controllers\Kategori->edit('1')
 7 SYSTEMPATH\CodeIgniter.php(509): CodeIgniter\CodeIgniter->runController(Object(App\Controllers\Kategori))
 8 SYSTEMPATH\CodeIgniter.php(355): CodeIgniter\CodeIgniter->handleRequest(null, Object(Config\Cache), false)
 9 SYSTEMPATH\Boot.php(312): CodeIgniter\CodeIgniter->run()
10 SYSTEMPATH\Boot.php(67): CodeIgniter\Boot::runCodeIgniter(Object(CodeIgniter\CodeIgniter))
11 FCPATH\index.php(56): CodeIgniter\Boot::bootWeb(Object(Config\Paths))
12 SYSTEMPATH\Commands\Server\rewrite.php(49): require_once('D:\\MY PROJECT\\sistem-pesantren\\public\\index.php')
CRITICAL - 2024-05-25 16:28:10 --> ErrorException: Attempt to read property "id" on array
[Method: GET, Route: dashboard/kategori/edit/1]
in APPPATH\Views\backoffice\kategori\edit.php on line 81.
 1 APPPATH\Views\backoffice\kategori\edit.php(81): CodeIgniter\Debug\Exceptions->errorHandler(2, 'Attempt to read property "id" on array', 'D:\\MY PROJECT\\sistem-pesantren\\app\\Views\\backoffice\\kategori\\edit.php', 81)
 2 SYSTEMPATH\View\View.php(234): include('D:\\MY PROJECT\\sistem-pesantren\\app\\Views\\backoffice\\kategori\\edit.php')
 3 SYSTEMPATH\View\View.php(237): CodeIgniter\View\View->CodeIgniter\View\{closure}()
 4 SYSTEMPATH\Common.php(1171): CodeIgniter\View\View->render('backoffice/kategori/edit', [], true)
 5 APPPATH\Controllers\Kategori.php(61): view('backoffice/kategori/edit', [...])
 6 SYSTEMPATH\CodeIgniter.php(933): App\Controllers\Kategori->edit('1')
 7 SYSTEMPATH\CodeIgniter.php(509): CodeIgniter\CodeIgniter->runController(Object(App\Controllers\Kategori))
 8 SYSTEMPATH\CodeIgniter.php(355): CodeIgniter\CodeIgniter->handleRequest(null, Object(Config\Cache), false)
 9 SYSTEMPATH\Boot.php(312): CodeIgniter\CodeIgniter->run()
10 SYSTEMPATH\Boot.php(67): CodeIgniter\Boot::runCodeIgniter(Object(CodeIgniter\CodeIgniter))
11 FCPATH\index.php(56): CodeIgniter\Boot::bootWeb(Object(Config\Paths))
12 SYSTEMPATH\Commands\Server\rewrite.php(49): require_once('D:\\MY PROJECT\\sistem-pesantren\\public\\index.php')
CRITICAL - 2024-05-25 16:28:44 --> ErrorException: Attempt to read property "id" on array
[Method: GET, Route: dashboard/kategori/edit/1]
in APPPATH\Views\backoffice\kategori\edit.php on line 81.
 1 APPPATH\Views\backoffice\kategori\edit.php(81): CodeIgniter\Debug\Exceptions->errorHandler(2, 'Attempt to read property "id" on array', 'D:\\MY PROJECT\\sistem-pesantren\\app\\Views\\backoffice\\kategori\\edit.php', 81)
 2 SYSTEMPATH\View\View.php(234): include('D:\\MY PROJECT\\sistem-pesantren\\app\\Views\\backoffice\\kategori\\edit.php')
 3 SYSTEMPATH\View\View.php(237): CodeIgniter\View\View->CodeIgniter\View\{closure}()
 4 SYSTEMPATH\Common.php(1171): CodeIgniter\View\View->render('backoffice/kategori/edit', [], true)
 5 APPPATH\Controllers\Kategori.php(62): view('backoffice/kategori/edit', [...])
 6 SYSTEMPATH\CodeIgniter.php(933): App\Controllers\Kategori->edit('1')
 7 SYSTEMPATH\CodeIgniter.php(509): CodeIgniter\CodeIgniter->runController(Object(App\Controllers\Kategori))
 8 SYSTEMPATH\CodeIgniter.php(355): CodeIgniter\CodeIgniter->handleRequest(null, Object(Config\Cache), false)
 9 SYSTEMPATH\Boot.php(312): CodeIgniter\CodeIgniter->run()
10 SYSTEMPATH\Boot.php(67): CodeIgniter\Boot::runCodeIgniter(Object(CodeIgniter\CodeIgniter))
11 FCPATH\index.php(56): CodeIgniter\Boot::bootWeb(Object(Config\Paths))
12 SYSTEMPATH\Commands\Server\rewrite.php(49): require_once('D:\\MY PROJECT\\sistem-pesantren\\public\\index.php')
