CRITICAL - 2024-05-23 13:31:08 --> Error: Class "Auth_model" not found
[Method: GET, Route: /]
in APPPATH\Controllers\Auth.php on line 16.
 1 SYSTEMPATH\CodeIgniter.php(933): App\Controllers\Auth->login()
 2 SYSTEMPATH\CodeIgniter.php(509): CodeIgniter\CodeIgniter->runController(Object(App\Controllers\Auth))
 3 SYSTEMPATH\CodeIgniter.php(355): CodeIgniter\CodeIgniter->handleRequest(null, Object(Config\Cache), false)
 4 SYSTEMPATH\Boot.php(312): CodeIgniter\CodeIgniter->run()
 5 SYSTEMPATH\Boot.php(67): CodeIgniter\Boot::runCodeIgniter(Object(CodeIgniter\CodeIgniter))
 6 FCPATH\index.php(56): CodeIgniter\Boot::bootWeb(Object(Config\Paths))
 7 SYSTEMPATH\Commands\Server\rewrite.php(49): require_once('C:\\WebServer\\Apache24\\htdocs\\sistem-pesantren\\public\\index.php')
CRITICAL - 2024-05-23 13:31:12 --> Error: Class "Auth_model" not found
[Method: GET, Route: /]
in APPPATH\Controllers\Auth.php on line 16.
 1 SYSTEMPATH\CodeIgniter.php(933): App\Controllers\Auth->login()
 2 SYSTEMPATH\CodeIgniter.php(509): CodeIgniter\CodeIgniter->runController(Object(App\Controllers\Auth))
 3 SYSTEMPATH\CodeIgniter.php(355): CodeIgniter\CodeIgniter->handleRequest(null, Object(Config\Cache), false)
 4 SYSTEMPATH\Boot.php(312): CodeIgniter\CodeIgniter->run()
 5 SYSTEMPATH\Boot.php(67): CodeIgniter\Boot::runCodeIgniter(Object(CodeIgniter\CodeIgniter))
 6 FCPATH\index.php(56): CodeIgniter\Boot::bootWeb(Object(Config\Paths))
 7 SYSTEMPATH\Commands\Server\rewrite.php(49): require_once('C:\\WebServer\\Apache24\\htdocs\\sistem-pesantren\\public\\index.php')
CRITICAL - 2024-05-23 13:32:25 --> Error: Class "Auth_model" not found
[Method: GET, Route: /]
in APPPATH\Controllers\Auth.php on line 16.
 1 SYSTEMPATH\CodeIgniter.php(933): App\Controllers\Auth->login()
 2 SYSTEMPATH\CodeIgniter.php(509): CodeIgniter\CodeIgniter->runController(Object(App\Controllers\Auth))
 3 SYSTEMPATH\CodeIgniter.php(355): CodeIgniter\CodeIgniter->handleRequest(null, Object(Config\Cache), false)
 4 SYSTEMPATH\Boot.php(312): CodeIgniter\CodeIgniter->run()
 5 SYSTEMPATH\Boot.php(67): CodeIgniter\Boot::runCodeIgniter(Object(CodeIgniter\CodeIgniter))
 6 FCPATH\index.php(56): CodeIgniter\Boot::bootWeb(Object(Config\Paths))
 7 SYSTEMPATH\Commands\Server\rewrite.php(49): require_once('C:\\WebServer\\Apache24\\htdocs\\sistem-pesantren\\public\\index.php')
CRITICAL - 2024-05-23 13:32:26 --> Error: Class "Auth_model" not found
[Method: GET, Route: /]
in APPPATH\Controllers\Auth.php on line 16.
 1 SYSTEMPATH\CodeIgniter.php(933): App\Controllers\Auth->login()
 2 SYSTEMPATH\CodeIgniter.php(509): CodeIgniter\CodeIgniter->runController(Object(App\Controllers\Auth))
 3 SYSTEMPATH\CodeIgniter.php(355): CodeIgniter\CodeIgniter->handleRequest(null, Object(Config\Cache), false)
 4 SYSTEMPATH\Boot.php(312): CodeIgniter\CodeIgniter->run()
 5 SYSTEMPATH\Boot.php(67): CodeIgniter\Boot::runCodeIgniter(Object(CodeIgniter\CodeIgniter))
 6 FCPATH\index.php(56): CodeIgniter\Boot::bootWeb(Object(Config\Paths))
 7 SYSTEMPATH\Commands\Server\rewrite.php(49): require_once('C:\\WebServer\\Apache24\\htdocs\\sistem-pesantren\\public\\index.php')
CRITICAL - 2024-05-23 13:33:28 --> Error: Class "Auth_model" not found
[Method: GET, Route: login]
in APPPATH\Controllers\Auth.php on line 16.
 1 SYSTEMPATH\CodeIgniter.php(933): App\Controllers\Auth->login()
 2 SYSTEMPATH\CodeIgniter.php(509): CodeIgniter\CodeIgniter->runController(Object(App\Controllers\Auth))
 3 SYSTEMPATH\CodeIgniter.php(355): CodeIgniter\CodeIgniter->handleRequest(null, Object(Config\Cache), false)
 4 SYSTEMPATH\Boot.php(312): CodeIgniter\CodeIgniter->run()
 5 SYSTEMPATH\Boot.php(67): CodeIgniter\Boot::runCodeIgniter(Object(CodeIgniter\CodeIgniter))
 6 FCPATH\index.php(56): CodeIgniter\Boot::bootWeb(Object(Config\Paths))
 7 SYSTEMPATH\Commands\Server\rewrite.php(49): require_once('C:\\WebServer\\Apache24\\htdocs\\sistem-pesantren\\public\\index.php')
CRITICAL - 2024-05-23 13:33:43 --> Error: Class "Auth_model" not found
[Method: GET, Route: login]
in APPPATH\Controllers\Auth.php on line 16.
 1 SYSTEMPATH\CodeIgniter.php(933): App\Controllers\Auth->login()
 2 SYSTEMPATH\CodeIgniter.php(509): CodeIgniter\CodeIgniter->runController(Object(App\Controllers\Auth))
 3 SYSTEMPATH\CodeIgniter.php(355): CodeIgniter\CodeIgniter->handleRequest(null, Object(Config\Cache), false)
 4 SYSTEMPATH\Boot.php(312): CodeIgniter\CodeIgniter->run()
 5 SYSTEMPATH\Boot.php(67): CodeIgniter\Boot::runCodeIgniter(Object(CodeIgniter\CodeIgniter))
 6 FCPATH\index.php(56): CodeIgniter\Boot::bootWeb(Object(Config\Paths))
 7 SYSTEMPATH\Commands\Server\rewrite.php(49): require_once('C:\\WebServer\\Apache24\\htdocs\\sistem-pesantren\\public\\index.php')
CRITICAL - 2024-05-23 13:34:16 --> CodeIgniter\View\Exceptions\ViewException: Invalid file: "auth/user.php"
[Method: GET, Route: 404_override]
in SYSTEMPATH\Exceptions\FrameworkException.php on line 41.
 1 SYSTEMPATH\View\View.php(222): CodeIgniter\Exceptions\FrameworkException::forInvalidFile('auth/user.php')
 2 SYSTEMPATH\Common.php(1171): CodeIgniter\View\View->render('auth/user', [], true)
 3 APPPATH\Config\Routes.php(25): view('auth/user')
 4 SYSTEMPATH\CodeIgniter.php(877): CodeIgniter\Router\RouteCollection->{closure}()
 5 SYSTEMPATH\CodeIgniter.php(496): CodeIgniter\CodeIgniter->startController()
 6 SYSTEMPATH\CodeIgniter.php(355): CodeIgniter\CodeIgniter->handleRequest(null, Object(Config\Cache), false)
 7 SYSTEMPATH\Boot.php(312): CodeIgniter\CodeIgniter->run()
 8 SYSTEMPATH\Boot.php(67): CodeIgniter\Boot::runCodeIgniter(Object(CodeIgniter\CodeIgniter))
 9 FCPATH\index.php(56): CodeIgniter\Boot::bootWeb(Object(Config\Paths))
10 SYSTEMPATH\Commands\Server\rewrite.php(49): require_once('C:\\WebServer\\Apache24\\htdocs\\sistem-pesantren\\public\\index.php')
CRITICAL - 2024-05-23 13:34:40 --> CodeIgniter\View\Exceptions\ViewException: Invalid file: "auth/user.php"
[Method: GET, Route: 404_override]
in SYSTEMPATH\Exceptions\FrameworkException.php on line 41.
 1 SYSTEMPATH\View\View.php(222): CodeIgniter\Exceptions\FrameworkException::forInvalidFile('auth/user.php')
 2 SYSTEMPATH\Common.php(1171): CodeIgniter\View\View->render('auth/user', [], true)
 3 APPPATH\Config\Routes.php(30): view('auth/user')
 4 SYSTEMPATH\CodeIgniter.php(955): CodeIgniter\Router\RouteCollection->{closure}('Can\'t find a route for \'GET: 404_override\'.')
 5 SYSTEMPATH\CodeIgniter.php(364): CodeIgniter\CodeIgniter->display404errors(Object(CodeIgniter\Exceptions\PageNotFoundException))
 6 SYSTEMPATH\Boot.php(312): CodeIgniter\CodeIgniter->run()
 7 SYSTEMPATH\Boot.php(67): CodeIgniter\Boot::runCodeIgniter(Object(CodeIgniter\CodeIgniter))
 8 FCPATH\index.php(56): CodeIgniter\Boot::bootWeb(Object(Config\Paths))
 9 SYSTEMPATH\Commands\Server\rewrite.php(49): require_once('C:\\WebServer\\Apache24\\htdocs\\sistem-pesantren\\public\\index.php')
CRITICAL - 2024-05-23 13:35:46 --> CodeIgniter\View\Exceptions\ViewException: Invalid file: "auth/user.php"
[Method: GET, Route: 404_override]
in SYSTEMPATH\Exceptions\FrameworkException.php on line 41.
 1 SYSTEMPATH\View\View.php(222): CodeIgniter\Exceptions\FrameworkException::forInvalidFile('auth/user.php')
 2 SYSTEMPATH\Common.php(1171): CodeIgniter\View\View->render('auth/user', [], true)
 3 APPPATH\Config\Routes.php(25): view('auth/user')
 4 SYSTEMPATH\CodeIgniter.php(877): CodeIgniter\Router\RouteCollection->{closure}()
 5 SYSTEMPATH\CodeIgniter.php(496): CodeIgniter\CodeIgniter->startController()
 6 SYSTEMPATH\CodeIgniter.php(355): CodeIgniter\CodeIgniter->handleRequest(null, Object(Config\Cache), false)
 7 SYSTEMPATH\Boot.php(312): CodeIgniter\CodeIgniter->run()
 8 SYSTEMPATH\Boot.php(67): CodeIgniter\Boot::runCodeIgniter(Object(CodeIgniter\CodeIgniter))
 9 FCPATH\index.php(56): CodeIgniter\Boot::bootWeb(Object(Config\Paths))
10 SYSTEMPATH\Commands\Server\rewrite.php(49): require_once('C:\\WebServer\\Apache24\\htdocs\\sistem-pesantren\\public\\index.php')
CRITICAL - 2024-05-23 13:37:05 --> Error: Class "Auth_model" not found
[Method: GET, Route: /]
in APPPATH\Controllers\Auth.php on line 16.
 1 SYSTEMPATH\CodeIgniter.php(933): App\Controllers\Auth->login()
 2 SYSTEMPATH\CodeIgniter.php(509): CodeIgniter\CodeIgniter->runController(Object(App\Controllers\Auth))
 3 SYSTEMPATH\CodeIgniter.php(355): CodeIgniter\CodeIgniter->handleRequest(null, Object(Config\Cache), false)
 4 SYSTEMPATH\Boot.php(312): CodeIgniter\CodeIgniter->run()
 5 SYSTEMPATH\Boot.php(67): CodeIgniter\Boot::runCodeIgniter(Object(CodeIgniter\CodeIgniter))
 6 FCPATH\index.php(56): CodeIgniter\Boot::bootWeb(Object(Config\Paths))
 7 SYSTEMPATH\Commands\Server\rewrite.php(49): require_once('C:\\WebServer\\Apache24\\htdocs\\sistem-pesantren\\public\\index.php')
CRITICAL - 2024-05-23 13:37:12 --> Error: Class "Auth_model" not found
[Method: GET, Route: /]
in APPPATH\Controllers\Auth.php on line 16.
 1 SYSTEMPATH\CodeIgniter.php(933): App\Controllers\Auth->login()
 2 SYSTEMPATH\CodeIgniter.php(509): CodeIgniter\CodeIgniter->runController(Object(App\Controllers\Auth))
 3 SYSTEMPATH\CodeIgniter.php(355): CodeIgniter\CodeIgniter->handleRequest(null, Object(Config\Cache), false)
 4 SYSTEMPATH\Boot.php(312): CodeIgniter\CodeIgniter->run()
 5 SYSTEMPATH\Boot.php(67): CodeIgniter\Boot::runCodeIgniter(Object(CodeIgniter\CodeIgniter))
 6 FCPATH\index.php(56): CodeIgniter\Boot::bootWeb(Object(Config\Paths))
 7 SYSTEMPATH\Commands\Server\rewrite.php(49): require_once('C:\\WebServer\\Apache24\\htdocs\\sistem-pesantren\\public\\index.php')
CRITICAL - 2024-05-23 13:40:31 --> Error: Call to a member function setRules() on null
[Method: GET, Route: /]
in APPPATH\Controllers\Auth.php on line 18.
 1 SYSTEMPATH\CodeIgniter.php(933): App\Controllers\Auth->login()
 2 SYSTEMPATH\CodeIgniter.php(509): CodeIgniter\CodeIgniter->runController(Object(App\Controllers\Auth))
 3 SYSTEMPATH\CodeIgniter.php(355): CodeIgniter\CodeIgniter->handleRequest(null, Object(Config\Cache), false)
 4 SYSTEMPATH\Boot.php(312): CodeIgniter\CodeIgniter->run()
 5 SYSTEMPATH\Boot.php(67): CodeIgniter\Boot::runCodeIgniter(Object(CodeIgniter\CodeIgniter))
 6 FCPATH\index.php(56): CodeIgniter\Boot::bootWeb(Object(Config\Paths))
 7 SYSTEMPATH\Commands\Server\rewrite.php(49): require_once('C:\\WebServer\\Apache24\\htdocs\\sistem-pesantren\\public\\index.php')
CRITICAL - 2024-05-23 13:41:19 --> Error: Call to a member function setRules() on null
[Method: GET, Route: /]
in APPPATH\Controllers\Auth.php on line 18.
 1 SYSTEMPATH\CodeIgniter.php(933): App\Controllers\Auth->login()
 2 SYSTEMPATH\CodeIgniter.php(509): CodeIgniter\CodeIgniter->runController(Object(App\Controllers\Auth))
 3 SYSTEMPATH\CodeIgniter.php(355): CodeIgniter\CodeIgniter->handleRequest(null, Object(Config\Cache), false)
 4 SYSTEMPATH\Boot.php(312): CodeIgniter\CodeIgniter->run()
 5 SYSTEMPATH\Boot.php(67): CodeIgniter\Boot::runCodeIgniter(Object(CodeIgniter\CodeIgniter))
 6 FCPATH\index.php(56): CodeIgniter\Boot::bootWeb(Object(Config\Paths))
 7 SYSTEMPATH\Commands\Server\rewrite.php(49): require_once('C:\\WebServer\\Apache24\\htdocs\\sistem-pesantren\\public\\index.php')
CRITICAL - 2024-05-23 13:41:36 --> Error: Class "app\Models\Auth_model" not found
[Method: GET, Route: /]
in APPPATH\Controllers\Auth.php on line 17.
 1 SYSTEMPATH\CodeIgniter.php(933): App\Controllers\Auth->login()
 2 SYSTEMPATH\CodeIgniter.php(509): CodeIgniter\CodeIgniter->runController(Object(App\Controllers\Auth))
 3 SYSTEMPATH\CodeIgniter.php(355): CodeIgniter\CodeIgniter->handleRequest(null, Object(Config\Cache), false)
 4 SYSTEMPATH\Boot.php(312): CodeIgniter\CodeIgniter->run()
 5 SYSTEMPATH\Boot.php(67): CodeIgniter\Boot::runCodeIgniter(Object(CodeIgniter\CodeIgniter))
 6 FCPATH\index.php(56): CodeIgniter\Boot::bootWeb(Object(Config\Paths))
 7 SYSTEMPATH\Commands\Server\rewrite.php(49): require_once('C:\\WebServer\\Apache24\\htdocs\\sistem-pesantren\\public\\index.php')
CRITICAL - 2024-05-23 13:42:23 --> Error: Class "app\Models\Auth_model" not found
[Method: GET, Route: /]
in APPPATH\Controllers\Auth.php on line 17.
 1 SYSTEMPATH\CodeIgniter.php(933): App\Controllers\Auth->login()
 2 SYSTEMPATH\CodeIgniter.php(509): CodeIgniter\CodeIgniter->runController(Object(App\Controllers\Auth))
 3 SYSTEMPATH\CodeIgniter.php(355): CodeIgniter\CodeIgniter->handleRequest(null, Object(Config\Cache), false)
 4 SYSTEMPATH\Boot.php(312): CodeIgniter\CodeIgniter->run()
 5 SYSTEMPATH\Boot.php(67): CodeIgniter\Boot::runCodeIgniter(Object(CodeIgniter\CodeIgniter))
 6 FCPATH\index.php(56): CodeIgniter\Boot::bootWeb(Object(Config\Paths))
 7 SYSTEMPATH\Commands\Server\rewrite.php(49): require_once('C:\\WebServer\\Apache24\\htdocs\\sistem-pesantren\\public\\index.php')
CRITICAL - 2024-05-23 13:42:56 --> Error: Non-static method App\Models\Auth_model::rules() cannot be called statically
[Method: GET, Route: /]
in APPPATH\Controllers\Auth.php on line 16.
 1 SYSTEMPATH\CodeIgniter.php(933): App\Controllers\Auth->login()
 2 SYSTEMPATH\CodeIgniter.php(509): CodeIgniter\CodeIgniter->runController(Object(App\Controllers\Auth))
 3 SYSTEMPATH\CodeIgniter.php(355): CodeIgniter\CodeIgniter->handleRequest(null, Object(Config\Cache), false)
 4 SYSTEMPATH\Boot.php(312): CodeIgniter\CodeIgniter->run()
 5 SYSTEMPATH\Boot.php(67): CodeIgniter\Boot::runCodeIgniter(Object(CodeIgniter\CodeIgniter))
 6 FCPATH\index.php(56): CodeIgniter\Boot::bootWeb(Object(Config\Paths))
 7 SYSTEMPATH\Commands\Server\rewrite.php(49): require_once('C:\\WebServer\\Apache24\\htdocs\\sistem-pesantren\\public\\index.php')
CRITICAL - 2024-05-23 13:42:57 --> Error: Non-static method App\Models\Auth_model::rules() cannot be called statically
[Method: GET, Route: /]
in APPPATH\Controllers\Auth.php on line 16.
 1 SYSTEMPATH\CodeIgniter.php(933): App\Controllers\Auth->login()
 2 SYSTEMPATH\CodeIgniter.php(509): CodeIgniter\CodeIgniter->runController(Object(App\Controllers\Auth))
 3 SYSTEMPATH\CodeIgniter.php(355): CodeIgniter\CodeIgniter->handleRequest(null, Object(Config\Cache), false)
 4 SYSTEMPATH\Boot.php(312): CodeIgniter\CodeIgniter->run()
 5 SYSTEMPATH\Boot.php(67): CodeIgniter\Boot::runCodeIgniter(Object(CodeIgniter\CodeIgniter))
 6 FCPATH\index.php(56): CodeIgniter\Boot::bootWeb(Object(Config\Paths))
 7 SYSTEMPATH\Commands\Server\rewrite.php(49): require_once('C:\\WebServer\\Apache24\\htdocs\\sistem-pesantren\\public\\index.php')
CRITICAL - 2024-05-23 13:43:51 --> Error: Call to a member function rules() on null
[Method: GET, Route: /]
in APPPATH\Controllers\Auth.php on line 17.
 1 SYSTEMPATH\CodeIgniter.php(933): App\Controllers\Auth->login()
 2 SYSTEMPATH\CodeIgniter.php(509): CodeIgniter\CodeIgniter->runController(Object(App\Controllers\Auth))
 3 SYSTEMPATH\CodeIgniter.php(355): CodeIgniter\CodeIgniter->handleRequest(null, Object(Config\Cache), false)
 4 SYSTEMPATH\Boot.php(312): CodeIgniter\CodeIgniter->run()
 5 SYSTEMPATH\Boot.php(67): CodeIgniter\Boot::runCodeIgniter(Object(CodeIgniter\CodeIgniter))
 6 FCPATH\index.php(56): CodeIgniter\Boot::bootWeb(Object(Config\Paths))
 7 SYSTEMPATH\Commands\Server\rewrite.php(49): require_once('C:\\WebServer\\Apache24\\htdocs\\sistem-pesantren\\public\\index.php')
CRITICAL - 2024-05-23 13:44:13 --> Error: Call to a member function setRules() on null
[Method: GET, Route: /]
in APPPATH\Controllers\Auth.php on line 21.
 1 SYSTEMPATH\CodeIgniter.php(933): App\Controllers\Auth->login()
 2 SYSTEMPATH\CodeIgniter.php(509): CodeIgniter\CodeIgniter->runController(Object(App\Controllers\Auth))
 3 SYSTEMPATH\CodeIgniter.php(355): CodeIgniter\CodeIgniter->handleRequest(null, Object(Config\Cache), false)
 4 SYSTEMPATH\Boot.php(312): CodeIgniter\CodeIgniter->run()
 5 SYSTEMPATH\Boot.php(67): CodeIgniter\Boot::runCodeIgniter(Object(CodeIgniter\CodeIgniter))
 6 FCPATH\index.php(56): CodeIgniter\Boot::bootWeb(Object(Config\Paths))
 7 SYSTEMPATH\Commands\Server\rewrite.php(49): require_once('C:\\WebServer\\Apache24\\htdocs\\sistem-pesantren\\public\\index.php')
CRITICAL - 2024-05-23 13:44:15 --> Error: Call to a member function setRules() on null
[Method: GET, Route: /]
in APPPATH\Controllers\Auth.php on line 21.
 1 SYSTEMPATH\CodeIgniter.php(933): App\Controllers\Auth->login()
 2 SYSTEMPATH\CodeIgniter.php(509): CodeIgniter\CodeIgniter->runController(Object(App\Controllers\Auth))
 3 SYSTEMPATH\CodeIgniter.php(355): CodeIgniter\CodeIgniter->handleRequest(null, Object(Config\Cache), false)
 4 SYSTEMPATH\Boot.php(312): CodeIgniter\CodeIgniter->run()
 5 SYSTEMPATH\Boot.php(67): CodeIgniter\Boot::runCodeIgniter(Object(CodeIgniter\CodeIgniter))
 6 FCPATH\index.php(56): CodeIgniter\Boot::bootWeb(Object(Config\Paths))
 7 SYSTEMPATH\Commands\Server\rewrite.php(49): require_once('C:\\WebServer\\Apache24\\htdocs\\sistem-pesantren\\public\\index.php')
CRITICAL - 2024-05-23 13:46:40 --> Error: Call to a member function run() on null
[Method: GET, Route: /]
in APPPATH\Controllers\Auth.php on line 23.
 1 SYSTEMPATH\CodeIgniter.php(933): App\Controllers\Auth->login()
 2 SYSTEMPATH\CodeIgniter.php(509): CodeIgniter\CodeIgniter->runController(Object(App\Controllers\Auth))
 3 SYSTEMPATH\CodeIgniter.php(355): CodeIgniter\CodeIgniter->handleRequest(null, Object(Config\Cache), false)
 4 SYSTEMPATH\Boot.php(312): CodeIgniter\CodeIgniter->run()
 5 SYSTEMPATH\Boot.php(67): CodeIgniter\Boot::runCodeIgniter(Object(CodeIgniter\CodeIgniter))
 6 FCPATH\index.php(56): CodeIgniter\Boot::bootWeb(Object(Config\Paths))
 7 SYSTEMPATH\Commands\Server\rewrite.php(49): require_once('C:\\WebServer\\Apache24\\htdocs\\sistem-pesantren\\public\\index.php')
CRITICAL - 2024-05-23 13:49:50 --> Error: Call to a member function setRules() on null
[Method: GET, Route: /]
in APPPATH\Controllers\Auth.php on line 21.
 1 SYSTEMPATH\CodeIgniter.php(933): App\Controllers\Auth->login()
 2 SYSTEMPATH\CodeIgniter.php(509): CodeIgniter\CodeIgniter->runController(Object(App\Controllers\Auth))
 3 SYSTEMPATH\CodeIgniter.php(355): CodeIgniter\CodeIgniter->handleRequest(null, Object(Config\Cache), false)
 4 SYSTEMPATH\Boot.php(312): CodeIgniter\CodeIgniter->run()
 5 SYSTEMPATH\Boot.php(67): CodeIgniter\Boot::runCodeIgniter(Object(CodeIgniter\CodeIgniter))
 6 FCPATH\index.php(56): CodeIgniter\Boot::bootWeb(Object(Config\Paths))
 7 SYSTEMPATH\Commands\Server\rewrite.php(49): require_once('C:\\WebServer\\Apache24\\htdocs\\sistem-pesantren\\public\\index.php')
CRITICAL - 2024-05-23 13:50:29 --> Error: Call to a member function setRules() on null
[Method: GET, Route: /]
in APPPATH\Controllers\Auth.php on line 21.
 1 SYSTEMPATH\CodeIgniter.php(933): App\Controllers\Auth->login()
 2 SYSTEMPATH\CodeIgniter.php(509): CodeIgniter\CodeIgniter->runController(Object(App\Controllers\Auth))
 3 SYSTEMPATH\CodeIgniter.php(355): CodeIgniter\CodeIgniter->handleRequest(null, Object(Config\Cache), false)
 4 SYSTEMPATH\Boot.php(312): CodeIgniter\CodeIgniter->run()
 5 SYSTEMPATH\Boot.php(67): CodeIgniter\Boot::runCodeIgniter(Object(CodeIgniter\CodeIgniter))
 6 FCPATH\index.php(56): CodeIgniter\Boot::bootWeb(Object(Config\Paths))
 7 SYSTEMPATH\Commands\Server\rewrite.php(49): require_once('C:\\WebServer\\Apache24\\htdocs\\sistem-pesantren\\public\\index.php')
CRITICAL - 2024-05-23 13:51:10 --> Error: Call to a member function setRules() on null
[Method: GET, Route: /]
in APPPATH\Controllers\Auth.php on line 21.
 1 SYSTEMPATH\CodeIgniter.php(933): App\Controllers\Auth->login()
 2 SYSTEMPATH\CodeIgniter.php(509): CodeIgniter\CodeIgniter->runController(Object(App\Controllers\Auth))
 3 SYSTEMPATH\CodeIgniter.php(355): CodeIgniter\CodeIgniter->handleRequest(null, Object(Config\Cache), false)
 4 SYSTEMPATH\Boot.php(312): CodeIgniter\CodeIgniter->run()
 5 SYSTEMPATH\Boot.php(67): CodeIgniter\Boot::runCodeIgniter(Object(CodeIgniter\CodeIgniter))
 6 FCPATH\index.php(56): CodeIgniter\Boot::bootWeb(Object(Config\Paths))
 7 SYSTEMPATH\Commands\Server\rewrite.php(49): require_once('C:\\WebServer\\Apache24\\htdocs\\sistem-pesantren\\public\\index.php')
CRITICAL - 2024-05-23 13:51:29 --> Error: Call to a member function setRules() on null
[Method: GET, Route: /]
in APPPATH\Controllers\Auth.php on line 21.
 1 SYSTEMPATH\CodeIgniter.php(933): App\Controllers\Auth->login()
 2 SYSTEMPATH\CodeIgniter.php(509): CodeIgniter\CodeIgniter->runController(Object(App\Controllers\Auth))
 3 SYSTEMPATH\CodeIgniter.php(355): CodeIgniter\CodeIgniter->handleRequest(null, Object(Config\Cache), false)
 4 SYSTEMPATH\Boot.php(312): CodeIgniter\CodeIgniter->run()
 5 SYSTEMPATH\Boot.php(67): CodeIgniter\Boot::runCodeIgniter(Object(CodeIgniter\CodeIgniter))
 6 FCPATH\index.php(56): CodeIgniter\Boot::bootWeb(Object(Config\Paths))
 7 SYSTEMPATH\Commands\Server\rewrite.php(49): require_once('C:\\WebServer\\Apache24\\htdocs\\sistem-pesantren\\public\\index.php')
CRITICAL - 2024-05-23 13:52:47 --> Error: Call to a member function setRules() on null
[Method: GET, Route: /]
in APPPATH\Controllers\Auth.php on line 21.
 1 SYSTEMPATH\CodeIgniter.php(933): App\Controllers\Auth->login()
 2 SYSTEMPATH\CodeIgniter.php(509): CodeIgniter\CodeIgniter->runController(Object(App\Controllers\Auth))
 3 SYSTEMPATH\CodeIgniter.php(355): CodeIgniter\CodeIgniter->handleRequest(null, Object(Config\Cache), false)
 4 SYSTEMPATH\Boot.php(312): CodeIgniter\CodeIgniter->run()
 5 SYSTEMPATH\Boot.php(67): CodeIgniter\Boot::runCodeIgniter(Object(CodeIgniter\CodeIgniter))
 6 FCPATH\index.php(56): CodeIgniter\Boot::bootWeb(Object(Config\Paths))
 7 SYSTEMPATH\Commands\Server\rewrite.php(49): require_once('C:\\WebServer\\Apache24\\htdocs\\sistem-pesantren\\public\\index.php')
CRITICAL - 2024-05-23 13:53:15 --> Error: Call to a member function setRules() on null
[Method: GET, Route: /]
in APPPATH\Controllers\Auth.php on line 21.
 1 SYSTEMPATH\CodeIgniter.php(933): App\Controllers\Auth->login()
 2 SYSTEMPATH\CodeIgniter.php(509): CodeIgniter\CodeIgniter->runController(Object(App\Controllers\Auth))
 3 SYSTEMPATH\CodeIgniter.php(355): CodeIgniter\CodeIgniter->handleRequest(null, Object(Config\Cache), false)
 4 SYSTEMPATH\Boot.php(312): CodeIgniter\CodeIgniter->run()
 5 SYSTEMPATH\Boot.php(67): CodeIgniter\Boot::runCodeIgniter(Object(CodeIgniter\CodeIgniter))
 6 FCPATH\index.php(56): CodeIgniter\Boot::bootWeb(Object(Config\Paths))
 7 SYSTEMPATH\Commands\Server\rewrite.php(49): require_once('C:\\WebServer\\Apache24\\htdocs\\sistem-pesantren\\public\\index.php')
CRITICAL - 2024-05-23 13:53:54 --> Error: Call to a member function setRules() on null
[Method: GET, Route: /]
in APPPATH\Controllers\Auth.php on line 23.
 1 SYSTEMPATH\CodeIgniter.php(933): App\Controllers\Auth->login()
 2 SYSTEMPATH\CodeIgniter.php(509): CodeIgniter\CodeIgniter->runController(Object(App\Controllers\Auth))
 3 SYSTEMPATH\CodeIgniter.php(355): CodeIgniter\CodeIgniter->handleRequest(null, Object(Config\Cache), false)
 4 SYSTEMPATH\Boot.php(312): CodeIgniter\CodeIgniter->run()
 5 SYSTEMPATH\Boot.php(67): CodeIgniter\Boot::runCodeIgniter(Object(CodeIgniter\CodeIgniter))
 6 FCPATH\index.php(56): CodeIgniter\Boot::bootWeb(Object(Config\Paths))
 7 SYSTEMPATH\Commands\Server\rewrite.php(49): require_once('C:\\WebServer\\Apache24\\htdocs\\sistem-pesantren\\public\\index.php')
CRITICAL - 2024-05-23 13:53:57 --> Error: Call to a member function setRules() on null
[Method: GET, Route: /]
in APPPATH\Controllers\Auth.php on line 23.
 1 SYSTEMPATH\CodeIgniter.php(933): App\Controllers\Auth->login()
 2 SYSTEMPATH\CodeIgniter.php(509): CodeIgniter\CodeIgniter->runController(Object(App\Controllers\Auth))
 3 SYSTEMPATH\CodeIgniter.php(355): CodeIgniter\CodeIgniter->handleRequest(null, Object(Config\Cache), false)
 4 SYSTEMPATH\Boot.php(312): CodeIgniter\CodeIgniter->run()
 5 SYSTEMPATH\Boot.php(67): CodeIgniter\Boot::runCodeIgniter(Object(CodeIgniter\CodeIgniter))
 6 FCPATH\index.php(56): CodeIgniter\Boot::bootWeb(Object(Config\Paths))
 7 SYSTEMPATH\Commands\Server\rewrite.php(49): require_once('C:\\WebServer\\Apache24\\htdocs\\sistem-pesantren\\public\\index.php')
CRITICAL - 2024-05-23 13:56:29 --> TypeError: str_contains(): Argument #1 ($haystack) must be of type string, int given
[Method: GET, Route: /]
in SYSTEMPATH\Validation\Validation.php on line 172.
 1 SYSTEMPATH\Validation\Validation.php(172): str_contains(0, '*')
 2 APPPATH\Controllers\Auth.php(24): CodeIgniter\Validation\Validation->run()
 3 SYSTEMPATH\CodeIgniter.php(933): App\Controllers\Auth->login()
 4 SYSTEMPATH\CodeIgniter.php(509): CodeIgniter\CodeIgniter->runController(Object(App\Controllers\Auth))
 5 SYSTEMPATH\CodeIgniter.php(355): CodeIgniter\CodeIgniter->handleRequest(null, Object(Config\Cache), false)
 6 SYSTEMPATH\Boot.php(312): CodeIgniter\CodeIgniter->run()
 7 SYSTEMPATH\Boot.php(67): CodeIgniter\Boot::runCodeIgniter(Object(CodeIgniter\CodeIgniter))
 8 FCPATH\index.php(56): CodeIgniter\Boot::bootWeb(Object(Config\Paths))
 9 SYSTEMPATH\Commands\Server\rewrite.php(49): require_once('C:\\WebServer\\Apache24\\htdocs\\sistem-pesantren\\public\\index.php')
CRITICAL - 2024-05-23 14:09:36 --> TypeError: str_contains(): Argument #1 ($haystack) must be of type string, int given
[Method: GET, Route: /]
in SYSTEMPATH\Validation\Validation.php on line 172.
 1 SYSTEMPATH\Validation\Validation.php(172): str_contains(0, '*')
 2 APPPATH\Controllers\Auth.php(24): CodeIgniter\Validation\Validation->run()
 3 SYSTEMPATH\CodeIgniter.php(933): App\Controllers\Auth->login()
 4 SYSTEMPATH\CodeIgniter.php(509): CodeIgniter\CodeIgniter->runController(Object(App\Controllers\Auth))
 5 SYSTEMPATH\CodeIgniter.php(355): CodeIgniter\CodeIgniter->handleRequest(null, Object(Config\Cache), false)
 6 SYSTEMPATH\Boot.php(312): CodeIgniter\CodeIgniter->run()
 7 SYSTEMPATH\Boot.php(67): CodeIgniter\Boot::runCodeIgniter(Object(CodeIgniter\CodeIgniter))
 8 FCPATH\index.php(56): CodeIgniter\Boot::bootWeb(Object(Config\Paths))
 9 SYSTEMPATH\Commands\Server\rewrite.php(49): require_once('C:\\WebServer\\Apache24\\htdocs\\sistem-pesantren\\public\\index.php')
CRITICAL - 2024-05-23 14:09:38 --> TypeError: str_contains(): Argument #1 ($haystack) must be of type string, int given
[Method: GET, Route: /]
in SYSTEMPATH\Validation\Validation.php on line 172.
 1 SYSTEMPATH\Validation\Validation.php(172): str_contains(0, '*')
 2 APPPATH\Controllers\Auth.php(24): CodeIgniter\Validation\Validation->run()
 3 SYSTEMPATH\CodeIgniter.php(933): App\Controllers\Auth->login()
 4 SYSTEMPATH\CodeIgniter.php(509): CodeIgniter\CodeIgniter->runController(Object(App\Controllers\Auth))
 5 SYSTEMPATH\CodeIgniter.php(355): CodeIgniter\CodeIgniter->handleRequest(null, Object(Config\Cache), false)
 6 SYSTEMPATH\Boot.php(312): CodeIgniter\CodeIgniter->run()
 7 SYSTEMPATH\Boot.php(67): CodeIgniter\Boot::runCodeIgniter(Object(CodeIgniter\CodeIgniter))
 8 FCPATH\index.php(56): CodeIgniter\Boot::bootWeb(Object(Config\Paths))
 9 SYSTEMPATH\Commands\Server\rewrite.php(49): require_once('C:\\WebServer\\Apache24\\htdocs\\sistem-pesantren\\public\\index.php')
CRITICAL - 2024-05-23 14:10:41 --> TypeError: str_contains(): Argument #1 ($haystack) must be of type string, int given
[Method: GET, Route: /]
in SYSTEMPATH\Validation\Validation.php on line 172.
 1 SYSTEMPATH\Validation\Validation.php(172): str_contains(0, '*')
 2 APPPATH\Controllers\Auth.php(24): CodeIgniter\Validation\Validation->run()
 3 SYSTEMPATH\CodeIgniter.php(933): App\Controllers\Auth->login()
 4 SYSTEMPATH\CodeIgniter.php(509): CodeIgniter\CodeIgniter->runController(Object(App\Controllers\Auth))
 5 SYSTEMPATH\CodeIgniter.php(355): CodeIgniter\CodeIgniter->handleRequest(null, Object(Config\Cache), false)
 6 SYSTEMPATH\Boot.php(312): CodeIgniter\CodeIgniter->run()
 7 SYSTEMPATH\Boot.php(67): CodeIgniter\Boot::runCodeIgniter(Object(CodeIgniter\CodeIgniter))
 8 FCPATH\index.php(56): CodeIgniter\Boot::bootWeb(Object(Config\Paths))
 9 SYSTEMPATH\Commands\Server\rewrite.php(49): require_once('C:\\WebServer\\Apache24\\htdocs\\sistem-pesantren\\public\\index.php')
CRITICAL - 2024-05-23 14:10:48 --> ErrorException: Undefined property: CodeIgniter\View\View::$session
[Method: GET, Route: /]
in APPPATH\Views\auth\login.php on line 35.
 1 APPPATH\Views\auth\login.php(35): CodeIgniter\Debug\Exceptions->errorHandler(2, 'Undefined property: CodeIgniter\\View\\View::$session', 'C:\\WebServer\\Apache24\\htdocs\\sistem-pesantren\\app\\Views\\auth\\login.php', 35)
 2 SYSTEMPATH\View\View.php(234): include('C:\\WebServer\\Apache24\\htdocs\\sistem-pesantren\\app\\Views\\auth\\login.php')
 3 SYSTEMPATH\View\View.php(237): CodeIgniter\View\View->CodeIgniter\View\{closure}()
 4 SYSTEMPATH\Common.php(1171): CodeIgniter\View\View->render('auth/login', [], true)
 5 APPPATH\Controllers\Auth.php(25): view('auth/login')
 6 SYSTEMPATH\CodeIgniter.php(933): App\Controllers\Auth->login()
 7 SYSTEMPATH\CodeIgniter.php(509): CodeIgniter\CodeIgniter->runController(Object(App\Controllers\Auth))
 8 SYSTEMPATH\CodeIgniter.php(355): CodeIgniter\CodeIgniter->handleRequest(null, Object(Config\Cache), false)
 9 SYSTEMPATH\Boot.php(312): CodeIgniter\CodeIgniter->run()
10 SYSTEMPATH\Boot.php(67): CodeIgniter\Boot::runCodeIgniter(Object(CodeIgniter\CodeIgniter))
11 FCPATH\index.php(56): CodeIgniter\Boot::bootWeb(Object(Config\Paths))
12 SYSTEMPATH\Commands\Server\rewrite.php(49): require_once('C:\\WebServer\\Apache24\\htdocs\\sistem-pesantren\\public\\index.php')
CRITICAL - 2024-05-23 14:10:54 --> TypeError: str_contains(): Argument #1 ($haystack) must be of type string, int given
[Method: GET, Route: /]
in SYSTEMPATH\Validation\Validation.php on line 172.
 1 SYSTEMPATH\Validation\Validation.php(172): str_contains(0, '*')
 2 APPPATH\Controllers\Auth.php(24): CodeIgniter\Validation\Validation->run()
 3 SYSTEMPATH\CodeIgniter.php(933): App\Controllers\Auth->login()
 4 SYSTEMPATH\CodeIgniter.php(509): CodeIgniter\CodeIgniter->runController(Object(App\Controllers\Auth))
 5 SYSTEMPATH\CodeIgniter.php(355): CodeIgniter\CodeIgniter->handleRequest(null, Object(Config\Cache), false)
 6 SYSTEMPATH\Boot.php(312): CodeIgniter\CodeIgniter->run()
 7 SYSTEMPATH\Boot.php(67): CodeIgniter\Boot::runCodeIgniter(Object(CodeIgniter\CodeIgniter))
 8 FCPATH\index.php(56): CodeIgniter\Boot::bootWeb(Object(Config\Paths))
 9 SYSTEMPATH\Commands\Server\rewrite.php(49): require_once('C:\\WebServer\\Apache24\\htdocs\\sistem-pesantren\\public\\index.php')
CRITICAL - 2024-05-23 14:14:20 --> TypeError: str_contains(): Argument #1 ($haystack) must be of type string, int given
[Method: GET, Route: /]
in SYSTEMPATH\Validation\Validation.php on line 172.
 1 SYSTEMPATH\Validation\Validation.php(172): str_contains(0, '*')
 2 APPPATH\Controllers\Auth.php(24): CodeIgniter\Validation\Validation->run()
 3 SYSTEMPATH\CodeIgniter.php(933): App\Controllers\Auth->login()
 4 SYSTEMPATH\CodeIgniter.php(509): CodeIgniter\CodeIgniter->runController(Object(App\Controllers\Auth))
 5 SYSTEMPATH\CodeIgniter.php(355): CodeIgniter\CodeIgniter->handleRequest(null, Object(Config\Cache), false)
 6 SYSTEMPATH\Boot.php(312): CodeIgniter\CodeIgniter->run()
 7 SYSTEMPATH\Boot.php(67): CodeIgniter\Boot::runCodeIgniter(Object(CodeIgniter\CodeIgniter))
 8 FCPATH\index.php(56): CodeIgniter\Boot::bootWeb(Object(Config\Paths))
 9 SYSTEMPATH\Commands\Server\rewrite.php(49): require_once('C:\\WebServer\\Apache24\\htdocs\\sistem-pesantren\\public\\index.php')
CRITICAL - 2024-05-23 14:14:21 --> TypeError: str_contains(): Argument #1 ($haystack) must be of type string, int given
[Method: GET, Route: /]
in SYSTEMPATH\Validation\Validation.php on line 172.
 1 SYSTEMPATH\Validation\Validation.php(172): str_contains(0, '*')
 2 APPPATH\Controllers\Auth.php(24): CodeIgniter\Validation\Validation->run()
 3 SYSTEMPATH\CodeIgniter.php(933): App\Controllers\Auth->login()
 4 SYSTEMPATH\CodeIgniter.php(509): CodeIgniter\CodeIgniter->runController(Object(App\Controllers\Auth))
 5 SYSTEMPATH\CodeIgniter.php(355): CodeIgniter\CodeIgniter->handleRequest(null, Object(Config\Cache), false)
 6 SYSTEMPATH\Boot.php(312): CodeIgniter\CodeIgniter->run()
 7 SYSTEMPATH\Boot.php(67): CodeIgniter\Boot::runCodeIgniter(Object(CodeIgniter\CodeIgniter))
 8 FCPATH\index.php(56): CodeIgniter\Boot::bootWeb(Object(Config\Paths))
 9 SYSTEMPATH\Commands\Server\rewrite.php(49): require_once('C:\\WebServer\\Apache24\\htdocs\\sistem-pesantren\\public\\index.php')
CRITICAL - 2024-05-23 14:15:06 --> TypeError: str_contains(): Argument #1 ($haystack) must be of type string, int given
[Method: GET, Route: /]
in SYSTEMPATH\Validation\Validation.php on line 172.
 1 SYSTEMPATH\Validation\Validation.php(172): str_contains(0, '*')
 2 APPPATH\Controllers\Auth.php(26): CodeIgniter\Validation\Validation->run()
 3 SYSTEMPATH\CodeIgniter.php(933): App\Controllers\Auth->login()
 4 SYSTEMPATH\CodeIgniter.php(509): CodeIgniter\CodeIgniter->runController(Object(App\Controllers\Auth))
 5 SYSTEMPATH\CodeIgniter.php(355): CodeIgniter\CodeIgniter->handleRequest(null, Object(Config\Cache), false)
 6 SYSTEMPATH\Boot.php(312): CodeIgniter\CodeIgniter->run()
 7 SYSTEMPATH\Boot.php(67): CodeIgniter\Boot::runCodeIgniter(Object(CodeIgniter\CodeIgniter))
 8 FCPATH\index.php(56): CodeIgniter\Boot::bootWeb(Object(Config\Paths))
 9 SYSTEMPATH\Commands\Server\rewrite.php(49): require_once('C:\\WebServer\\Apache24\\htdocs\\sistem-pesantren\\public\\index.php')
CRITICAL - 2024-05-23 14:15:08 --> TypeError: str_contains(): Argument #1 ($haystack) must be of type string, int given
[Method: GET, Route: /]
in SYSTEMPATH\Validation\Validation.php on line 172.
 1 SYSTEMPATH\Validation\Validation.php(172): str_contains(0, '*')
 2 APPPATH\Controllers\Auth.php(26): CodeIgniter\Validation\Validation->run()
 3 SYSTEMPATH\CodeIgniter.php(933): App\Controllers\Auth->login()
 4 SYSTEMPATH\CodeIgniter.php(509): CodeIgniter\CodeIgniter->runController(Object(App\Controllers\Auth))
 5 SYSTEMPATH\CodeIgniter.php(355): CodeIgniter\CodeIgniter->handleRequest(null, Object(Config\Cache), false)
 6 SYSTEMPATH\Boot.php(312): CodeIgniter\CodeIgniter->run()
 7 SYSTEMPATH\Boot.php(67): CodeIgniter\Boot::runCodeIgniter(Object(CodeIgniter\CodeIgniter))
 8 FCPATH\index.php(56): CodeIgniter\Boot::bootWeb(Object(Config\Paths))
 9 SYSTEMPATH\Commands\Server\rewrite.php(49): require_once('C:\\WebServer\\Apache24\\htdocs\\sistem-pesantren\\public\\index.php')
CRITICAL - 2024-05-23 14:15:12 --> TypeError: str_contains(): Argument #1 ($haystack) must be of type string, int given
[Method: GET, Route: /]
in SYSTEMPATH\Validation\Validation.php on line 172.
 1 SYSTEMPATH\Validation\Validation.php(172): str_contains(0, '*')
 2 APPPATH\Controllers\Auth.php(26): CodeIgniter\Validation\Validation->run()
 3 SYSTEMPATH\CodeIgniter.php(933): App\Controllers\Auth->login()
 4 SYSTEMPATH\CodeIgniter.php(509): CodeIgniter\CodeIgniter->runController(Object(App\Controllers\Auth))
 5 SYSTEMPATH\CodeIgniter.php(355): CodeIgniter\CodeIgniter->handleRequest(null, Object(Config\Cache), false)
 6 SYSTEMPATH\Boot.php(312): CodeIgniter\CodeIgniter->run()
 7 SYSTEMPATH\Boot.php(67): CodeIgniter\Boot::runCodeIgniter(Object(CodeIgniter\CodeIgniter))
 8 FCPATH\index.php(56): CodeIgniter\Boot::bootWeb(Object(Config\Paths))
 9 SYSTEMPATH\Commands\Server\rewrite.php(49): require_once('C:\\WebServer\\Apache24\\htdocs\\sistem-pesantren\\public\\index.php')
CRITICAL - 2024-05-23 14:15:48 --> Error: Call to undefined method CodeIgniter\Database\MySQLi\Builder::first()
[Method: GET, Route: /]
in APPPATH\Models\Auth_model.php on line 24.
 1 APPPATH\Controllers\Auth.php(32): App\Models\Auth_model->login(null, null)
 2 SYSTEMPATH\CodeIgniter.php(933): App\Controllers\Auth->login()
 3 SYSTEMPATH\CodeIgniter.php(509): CodeIgniter\CodeIgniter->runController(Object(App\Controllers\Auth))
 4 SYSTEMPATH\CodeIgniter.php(355): CodeIgniter\CodeIgniter->handleRequest(null, Object(Config\Cache), false)
 5 SYSTEMPATH\Boot.php(312): CodeIgniter\CodeIgniter->run()
 6 SYSTEMPATH\Boot.php(67): CodeIgniter\Boot::runCodeIgniter(Object(CodeIgniter\CodeIgniter))
 7 FCPATH\index.php(56): CodeIgniter\Boot::bootWeb(Object(Config\Paths))
 8 SYSTEMPATH\Commands\Server\rewrite.php(49): require_once('C:\\WebServer\\Apache24\\htdocs\\sistem-pesantren\\public\\index.php')
CRITICAL - 2024-05-23 14:16:10 --> ErrorException: Undefined property: CodeIgniter\Database\MySQLi\Result::$password
[Method: GET, Route: /]
in APPPATH\Models\Auth_model.php on line 33.
 1 APPPATH\Models\Auth_model.php(33): CodeIgniter\Debug\Exceptions->errorHandler(2, 'Undefined property: CodeIgniter\\Database\\MySQLi\\Result::$password', 'C:\\WebServer\\Apache24\\htdocs\\sistem-pesantren\\app\\Models\\Auth_model.php', 33)
 2 APPPATH\Controllers\Auth.php(32): App\Models\Auth_model->login(null, null)
 3 SYSTEMPATH\CodeIgniter.php(933): App\Controllers\Auth->login()
 4 SYSTEMPATH\CodeIgniter.php(509): CodeIgniter\CodeIgniter->runController(Object(App\Controllers\Auth))
 5 SYSTEMPATH\CodeIgniter.php(355): CodeIgniter\CodeIgniter->handleRequest(null, Object(Config\Cache), false)
 6 SYSTEMPATH\Boot.php(312): CodeIgniter\CodeIgniter->run()
 7 SYSTEMPATH\Boot.php(67): CodeIgniter\Boot::runCodeIgniter(Object(CodeIgniter\CodeIgniter))
 8 FCPATH\index.php(56): CodeIgniter\Boot::bootWeb(Object(Config\Paths))
 9 SYSTEMPATH\Commands\Server\rewrite.php(49): require_once('C:\\WebServer\\Apache24\\htdocs\\sistem-pesantren\\public\\index.php')
CRITICAL - 2024-05-23 14:20:43 --> TypeError: str_contains(): Argument #1 ($haystack) must be of type string, int given
[Method: GET, Route: /]
in SYSTEMPATH\Validation\Validation.php on line 172.
 1 SYSTEMPATH\Validation\Validation.php(172): str_contains(0, '*')
 2 SYSTEMPATH\Controller.php(152): CodeIgniter\Validation\Validation->run([...], null, null)
 3 APPPATH\Controllers\Auth.php(24): CodeIgniter\Controller->validateData([...], [...])
 4 SYSTEMPATH\CodeIgniter.php(933): App\Controllers\Auth->login()
 5 SYSTEMPATH\CodeIgniter.php(509): CodeIgniter\CodeIgniter->runController(Object(App\Controllers\Auth))
 6 SYSTEMPATH\CodeIgniter.php(355): CodeIgniter\CodeIgniter->handleRequest(null, Object(Config\Cache), false)
 7 SYSTEMPATH\Boot.php(312): CodeIgniter\CodeIgniter->run()
 8 SYSTEMPATH\Boot.php(67): CodeIgniter\Boot::runCodeIgniter(Object(CodeIgniter\CodeIgniter))
 9 FCPATH\index.php(56): CodeIgniter\Boot::bootWeb(Object(Config\Paths))
10 SYSTEMPATH\Commands\Server\rewrite.php(49): require_once('C:\\WebServer\\Apache24\\htdocs\\sistem-pesantren\\public\\index.php')
CRITICAL - 2024-05-23 14:20:50 --> TypeError: str_contains(): Argument #1 ($haystack) must be of type string, int given
[Method: GET, Route: /]
in SYSTEMPATH\Validation\Validation.php on line 172.
 1 SYSTEMPATH\Validation\Validation.php(172): str_contains(0, '*')
 2 SYSTEMPATH\Controller.php(152): CodeIgniter\Validation\Validation->run([...], null, null)
 3 APPPATH\Controllers\Auth.php(24): CodeIgniter\Controller->validateData([...], [...])
 4 SYSTEMPATH\CodeIgniter.php(933): App\Controllers\Auth->login()
 5 SYSTEMPATH\CodeIgniter.php(509): CodeIgniter\CodeIgniter->runController(Object(App\Controllers\Auth))
 6 SYSTEMPATH\CodeIgniter.php(355): CodeIgniter\CodeIgniter->handleRequest(null, Object(Config\Cache), false)
 7 SYSTEMPATH\Boot.php(312): CodeIgniter\CodeIgniter->run()
 8 SYSTEMPATH\Boot.php(67): CodeIgniter\Boot::runCodeIgniter(Object(CodeIgniter\CodeIgniter))
 9 FCPATH\index.php(56): CodeIgniter\Boot::bootWeb(Object(Config\Paths))
10 SYSTEMPATH\Commands\Server\rewrite.php(49): require_once('C:\\WebServer\\Apache24\\htdocs\\sistem-pesantren\\public\\index.php')
CRITICAL - 2024-05-23 14:21:25 --> TypeError: str_contains(): Argument #1 ($haystack) must be of type string, int given
[Method: GET, Route: /]
in SYSTEMPATH\Validation\Validation.php on line 172.
 1 SYSTEMPATH\Validation\Validation.php(172): str_contains(0, '*')
 2 SYSTEMPATH\Controller.php(152): CodeIgniter\Validation\Validation->run([...], null, null)
 3 APPPATH\Controllers\Auth.php(26): CodeIgniter\Controller->validateData([...], [...])
 4 SYSTEMPATH\CodeIgniter.php(933): App\Controllers\Auth->login()
 5 SYSTEMPATH\CodeIgniter.php(509): CodeIgniter\CodeIgniter->runController(Object(App\Controllers\Auth))
 6 SYSTEMPATH\CodeIgniter.php(355): CodeIgniter\CodeIgniter->handleRequest(null, Object(Config\Cache), false)
 7 SYSTEMPATH\Boot.php(312): CodeIgniter\CodeIgniter->run()
 8 SYSTEMPATH\Boot.php(67): CodeIgniter\Boot::runCodeIgniter(Object(CodeIgniter\CodeIgniter))
 9 FCPATH\index.php(56): CodeIgniter\Boot::bootWeb(Object(Config\Paths))
10 SYSTEMPATH\Commands\Server\rewrite.php(49): require_once('C:\\WebServer\\Apache24\\htdocs\\sistem-pesantren\\public\\index.php')
CRITICAL - 2024-05-23 14:54:02 --> TypeError: str_contains(): Argument #1 ($haystack) must be of type string, int given
[Method: GET, Route: /]
in SYSTEMPATH\Validation\Validation.php on line 172.
 1 SYSTEMPATH\Validation\Validation.php(172): str_contains(0, '*')
 2 SYSTEMPATH\Controller.php(152): CodeIgniter\Validation\Validation->run([...], null, null)
 3 APPPATH\Controllers\Auth.php(26): CodeIgniter\Controller->validateData([...], [...])
 4 SYSTEMPATH\CodeIgniter.php(933): App\Controllers\Auth->login()
 5 SYSTEMPATH\CodeIgniter.php(509): CodeIgniter\CodeIgniter->runController(Object(App\Controllers\Auth))
 6 SYSTEMPATH\CodeIgniter.php(355): CodeIgniter\CodeIgniter->handleRequest(null, Object(Config\Cache), false)
 7 SYSTEMPATH\Boot.php(312): CodeIgniter\CodeIgniter->run()
 8 SYSTEMPATH\Boot.php(67): CodeIgniter\Boot::runCodeIgniter(Object(CodeIgniter\CodeIgniter))
 9 FCPATH\index.php(56): CodeIgniter\Boot::bootWeb(Object(Config\Paths))
10 SYSTEMPATH\Commands\Server\rewrite.php(49): require_once('D:\\MY PROJECT\\sistem-pesantren\\public\\index.php')
